1530997119.014402 client started (26016): version 2.7, socket /tmp//tmux-501/default, protocol 8
1530997119.014537 on Darwin 17.6.0 Darwin Kernel Version 17.6.0: Tue May  8 15:22:16 PDT 2018; root:xnu-4570.61.1~1/RELEASE_X86_64; libevent 2.1.8-stable (select)
1530997119.014619 socket is /tmp//tmux-501/default
1530997119.014661 trying connect
1530997119.014726 connect failed: No such file or directory
1530997119.014930 lock file is /tmp//tmux-501/default.lock
1530997119.015077 flock succeeded
1530997119.015095 got lock (6)
1530997119.015115 trying connect
1530997119.015149 connect failed: No such file or directory
1530997119.016855 add peer 0x7fa259049c00: 7 (0x0)
1530997119.035185 sending message 100 to peer 0x7fa259049c00 (4 bytes)
1530997119.035241 sending message 101 to peer 0x7fa259049c00 (15 bytes)
1530997119.035260 sending message 102 to peer 0x7fa259049c00 (13 bytes)
1530997119.035278 sending message 108 to peer 0x7fa259049c00 (96 bytes)
1530997119.035314 sending message 104 to peer 0x7fa259049c00 (0 bytes)
1530997119.035332 sending message 107 to peer 0x7fa259049c00 (4 bytes)
1530997119.035349 sending message 105 to peer 0x7fa259049c00 (60 bytes)
1530997119.035366 sending message 105 to peer 0x7fa259049c00 (66 bytes)
1530997119.035385 sending message 105 to peer 0x7fa259049c00 (76 bytes)
1530997119.035405 sending message 105 to peer 0x7fa259049c00 (15 bytes)
1530997119.035442 sending message 105 to peer 0x7fa259049c00 (22 bytes)
1530997119.035461 sending message 105 to peer 0x7fa259049c00 (14 bytes)
1530997119.035477 sending message 105 to peer 0x7fa259049c00 (17 bytes)
1530997119.035494 sending message 105 to peer 0x7fa259049c00 (100 bytes)
1530997119.035511 sending message 105 to peer 0x7fa259049c00 (15 bytes)
1530997119.035528 sending message 105 to peer 0x7fa259049c00 (27 bytes)
1530997119.035544 sending message 105 to peer 0x7fa259049c00 (23 bytes)
1530997119.035561 sending message 105 to peer 0x7fa259049c00 (179 bytes)
1530997119.035578 sending message 105 to peer 0x7fa259049c00 (75 bytes)
1530997119.035594 sending message 105 to peer 0x7fa259049c00 (20 bytes)
1530997119.035610 sending message 105 to peer 0x7fa259049c00 (20 bytes)
1530997119.035627 sending message 105 to peer 0x7fa259049c00 (24 bytes)
1530997119.035643 sending message 105 to peer 0x7fa259049c00 (57 bytes)
1530997119.035660 sending message 105 to peer 0x7fa259049c00 (17 bytes)
1530997119.035677 sending message 105 to peer 0x7fa259049c00 (19 bytes)
1530997119.035693 sending message 105 to peer 0x7fa259049c00 (20 bytes)
1530997119.035710 sending message 105 to peer 0x7fa259049c00 (32 bytes)
1530997119.035726 sending message 105 to peer 0x7fa259049c00 (61 bytes)
1530997119.035743 sending message 105 to peer 0x7fa259049c00 (8 bytes)
1530997119.035760 sending message 105 to peer 0x7fa259049c00 (26 bytes)
1530997119.035776 sending message 105 to peer 0x7fa259049c00 (34 bytes)
1530997119.035793 sending message 105 to peer 0x7fa259049c00 (11 bytes)
1530997119.035809 sending message 105 to peer 0x7fa259049c00 (8 bytes)
1530997119.035826 sending message 105 to peer 0x7fa259049c00 (21 bytes)
1530997119.035842 sending message 105 to peer 0x7fa259049c00 (32 bytes)
1530997119.035859 sending message 105 to peer 0x7fa259049c00 (12 bytes)
1530997119.035876 sending message 105 to peer 0x7fa259049c00 (22 bytes)
1530997119.035892 sending message 106 to peer 0x7fa259049c00 (0 bytes)
1530997119.035915 sending message 200 to peer 0x7fa259049c00 (4 bytes)
1530997119.035932 client loop enter
1530997119.060353 peer 0x7fa259049c00 message 207
1530997119.060378 sending message 208 to peer 0x7fa259049c00 (0 bytes)
1530997198.628507 peer 0x7fa259049c00 message 203
1530997198.628545 sending message 205 to peer 0x7fa259049c00 (0 bytes)
1530997198.633318 peer 0x7fa259049c00 message 204
1530997198.633353 client loop exit
